-------------------------------------------------------------------------------
Test set: capstone.oras.OrasApplicationTests
-------------------------------------------------------------------------------
Tests run: 1, Failures: 0, Errors: 1, Skipped: 0, Time elapsed: 12.856 s <<< FAILURE! - in capstone.oras.OrasApplicationTests
contextLoads  Time elapsed: 0 s  <<< ERROR!
java.lang.IllegalStateException: Failed to load ApplicationContext
Caused by: org.springframework.beans.factory.BeanCreationException: Error creating bean with name 'requestMappingHandlerAdapter' defined in class path resource [org/springframework/boot/autoconfigure/web/servlet/WebMvcAutoConfiguration$EnableWebMvcConfiguration.class]: Bean instantiation via factory method failed; nested exception is org.springframework.beans.BeanInstantiationException: Failed to instantiate [org.springframework.web.servlet.mvc.method.annotation.RequestMappingHandlerAdapter]: Factory method 'requestMappingHandlerAdapter' threw exception; nested exception is org.springframework.beans.factory.BeanCreationException: Error creating bean with name 'querydslPredicateArgumentResolver' defined in class path resource [org/springframework/data/web/config/QuerydslWebConfiguration.class]: Bean instantiation via factory method failed; nested exception is org.springframework.beans.BeanInstantiationException: Failed to instantiate [org.springframework.data.web.querydsl.QuerydslPredicateArgumentResolver]: Factory method 'querydslPredicateArgumentResolver' threw exception; nested exception is org.springframework.beans.factory.BeanCreationException: Error creating bean with name 'querydslBindingsFactory' defined in class path resource [org/springframework/data/web/config/QuerydslWebConfiguration.class]: Initialization of bean failed; nested exception is java.lang.NoClassDefFoundError: com/querydsl/jpa/JPQLQuery
Caused by: org.springframework.beans.BeanInstantiationException: Failed to instantiate [org.springframework.web.servlet.mvc.method.annotation.RequestMappingHandlerAdapter]: Factory method 'requestMappingHandlerAdapter' threw exception; nested exception is org.springframework.beans.factory.BeanCreationException: Error creating bean with name 'querydslPredicateArgumentResolver' defined in class path resource [org/springframework/data/web/config/QuerydslWebConfiguration.class]: Bean instantiation via factory method failed; nested exception is org.springframework.beans.BeanInstantiationException: Failed to instantiate [org.springframework.data.web.querydsl.QuerydslPredicateArgumentResolver]: Factory method 'querydslPredicateArgumentResolver' threw exception; nested exception is org.springframework.beans.factory.BeanCreationException: Error creating bean with name 'querydslBindingsFactory' defined in class path resource [org/springframework/data/web/config/QuerydslWebConfiguration.class]: Initialization of bean failed; nested exception is java.lang.NoClassDefFoundError: com/querydsl/jpa/JPQLQuery
Caused by: org.springframework.beans.factory.BeanCreationException: Error creating bean with name 'querydslPredicateArgumentResolver' defined in class path resource [org/springframework/data/web/config/QuerydslWebConfiguration.class]: Bean instantiation via factory method failed; nested exception is org.springframework.beans.BeanInstantiationException: Failed to instantiate [org.springframework.data.web.querydsl.QuerydslPredicateArgumentResolver]: Factory method 'querydslPredicateArgumentResolver' threw exception; nested exception is org.springframework.beans.factory.BeanCreationException: Error creating bean with name 'querydslBindingsFactory' defined in class path resource [org/springframework/data/web/config/QuerydslWebConfiguration.class]: Initialization of bean failed; nested exception is java.lang.NoClassDefFoundError: com/querydsl/jpa/JPQLQuery
Caused by: org.springframework.beans.BeanInstantiationException: Failed to instantiate [org.springframework.data.web.querydsl.QuerydslPredicateArgumentResolver]: Factory method 'querydslPredicateArgumentResolver' threw exception; nested exception is org.springframework.beans.factory.BeanCreationException: Error creating bean with name 'querydslBindingsFactory' defined in class path resource [org/springframework/data/web/config/QuerydslWebConfiguration.class]: Initialization of bean failed; nested exception is java.lang.NoClassDefFoundError: com/querydsl/jpa/JPQLQuery
Caused by: org.springframework.beans.factory.BeanCreationException: Error creating bean with name 'querydslBindingsFactory' defined in class path resource [org/springframework/data/web/config/QuerydslWebConfiguration.class]: Initialization of bean failed; nested exception is java.lang.NoClassDefFoundError: com/querydsl/jpa/JPQLQuery
Caused by: java.lang.NoClassDefFoundError: com/querydsl/jpa/JPQLQuery
Caused by: java.lang.ClassNotFoundException: com.querydsl.jpa.JPQLQuery

